0 silly input [ 'tsc:watch' ]
1 silly flags { _: [ 'run' ],
1 silly flags   'reject-cycles': false,
1 silly flags   rejectCycles: false,
1 silly flags   parallel: true,
1 silly flags   script: 'tsc:watch',
1 silly flags   args: [] }
2 verbose rootPath /Users/jukben/Dev/doctor
3 info version 2.11.0
4 silly existsSync /Users/jukben/Dev/doctor/VERSION
5 silly initialize attempt
6 silly initialize success
7 silly execute attempt
8 info run in 2 package(s): npm run tsc:watch
9 silly runScriptInPackageStreaming [ 'tsc:watch', [], 'envdoctor-config-essentials' ]
10 silly getExecOpts { cwd: '/Users/jukben/Dev/doctor/packages/envdoctor-config-essentials' }
11 silly runScriptInPackageStreaming [ 'tsc:watch', [], 'envdoctor-core' ]
12 silly getExecOpts { cwd: '/Users/jukben/Dev/doctor/packages/envdoctor-core' }
13 error execute callback with error
14 error Error: Command failed: yarn run tsc:watch
14 error warning package.json: No license field
14 error error Command failed with exit code 1.
14 error
14 error $ tsc --watch --preserveWatchOutput
14 error
14 error 20:29:41 - Starting compilation in watch mode...
14 error
14 error
14 error 20:29:44 - Found 0 errors. Watching for file changes.
14 error
14 error 20:30:21 - File change detected. Starting incremental compilation...
14 error
14 error
14 error 20:30:21 - Found 0 errors. Watching for file changes.
14 error
14 error 20:50:47 - File change detected. Starting incremental compilation...
14 error
14 error error TS6053: File '/Users/jukben/Dev/doctor/packages/envdoctor-core/tsconfig.json' not found.
14 error info Visit https://yarnpkg.com/en/docs/cli/run for documentation about this command.
14 error
14 error     at Promise.all.then.arr (/Users/jukben/Dev/doctor/node_modules/lerna/node_modules/execa/index.js:236:11)
14 error     at <anonymous>
